<?xml version="1.0" encoding="UTF-8" ?>
<testsuite tests="1" failures="0" name="nz.ac.auckland.tests.userDetail.UserTest" time="0.838" errors="1" skipped="0">
  <properties>
    <property name="java.runtime.name" value="Java(TM) SE Runtime Environment"/>
    <property name="sun.boot.library.path" value="C:\Program Files\Java\jdk1.8.0_92\jre\bin"/>
    <property name="java.vm.version" value="25.92-b14"/>
    <property name="java.vm.vendor" value="Oracle Corporation"/>
    <property name="maven.multiModuleProjectDirectory" value="C:\Users\Kristy\Documents\Eclipse\325A1_WebService"/>
    <property name="java.vendor.url" value="http://java.oracle.com/"/>
    <property name="path.separator" value=";"/>
    <property name="guice.disable.misplaced.annotation.check" value="true"/>
    <property name="java.vm.name" value="Java HotSpot(TM) 64-Bit Server VM"/>
    <property name="file.encoding.pkg" value="sun.io"/>
    <property name="user.script" value=""/>
    <property name="user.country" value="NZ"/>
    <property name="sun.java.launcher" value="SUN_STANDARD"/>
    <property name="sun.os.patch.level" value=""/>
    <property name="java.vm.specification.name" value="Java Virtual Machine Specification"/>
    <property name="user.dir" value="C:\Users\Kristy\Documents\Eclipse\325A1_WebService"/>
    <property name="java.runtime.version" value="1.8.0_92-b14"/>
    <property name="java.awt.graphicsenv" value="sun.awt.Win32GraphicsEnvironment"/>
    <property name="java.endorsed.dirs" value="C:\Program Files\Java\jdk1.8.0_92\jre\lib\endorsed"/>
    <property name="os.arch" value="amd64"/>
    <property name="java.io.tmpdir" value="C:\Users\Kristy\AppData\Local\Temp\"/>
    <property name="line.separator" value="
"/>
    <property name="java.vm.specification.vendor" value="Oracle Corporation"/>
    <property name="user.variant" value=""/>
    <property name="os.name" value="Windows 10"/>
    <property name="classworlds.conf" value="C:\Users\Kristy\Documents\Eclipse\.metadata\.plugins\org.eclipse.m2e.launching\launches\m2conf3892350288310445109.tmp"/>
    <property name="sun.jnu.encoding" value="Cp1252"/>
    <property name="java.library.path" value="C:\Program Files\Java\jdk1.8.0_92\bin;C:\WINDOWS\Sun\Java\bin;C:\WINDOWS\system32;C:\WINDOWS;C:/Program Files/Java/jre1.8.0_101/bin/server;C:/Program Files/Java/jre1.8.0_101/bin;C:/Program Files/Java/jre1.8.0_101/lib/amd64;C:\Program Files (x86)\HP SimplePass\x64;C:\Program Files (x86)\HP SimplePass\;C:\ProgramData\Oracle\Java\javapath;C:\Program Files (x86)\Intel\iCLS Client\;C:\Program Files\Intel\iCLS Client\;C:\Program Files (x86)\NVIDIA Corporation\PhysX\Common;C:\WINDOWS\system32;C:\WINDOWS;C:\WINDOWS\System32\Wbem;C:\WINDOWS\System32\WindowsPowerShell\v1.0\;C:\Program Files (x86)\Windows Live\Shared;C:\Program Files (x86)\Intel\OpenCL SDK\3.0\bin\x86;C:\Program Files (x86)\Intel\OpenCL SDK\3.0\bin\x64;C:\Program Files\Intel\Intel(R) Management Engine Components\DAL;C:\Program Files\Intel\Intel(R) Management Engine Components\IPT;C:\Program Files (x86)\Intel\Intel(R) Management Engine Components\DAL;C:\Program Files (x86)\Intel\Intel(R) Management Engine Components\IPT;C:\Program Files (x86)\MATLAB\R2013a Student\bin;C:\Program Files\Microsoft SQL Server\110\Tools\Binn\;C:\Program Files\Microsoft SQL Server\120\Tools\Binn\;C:\Program Files\Microsoft\Web Platform Installer\;C:\Program Files (x86)\Skype\Phone\;C:\WINDOWS\system32\config\systemprofile\.dnx\bin;C:\Program Files\Microsoft DNX\Dnvm\;C:\Program Files (x86)\Windows Kits\10\Windows Performance Toolkit\;C:\Program Files\Git\cmd;C:\Program Files\nodejs\;C:\Users\Kristy\AppData\Roaming\npm;C:\Users\Kristy\eclipse\java-mars\eclipse;;."/>
    <property name="java.specification.name" value="Java Platform API Specification"/>
    <property name="java.class.version" value="52.0"/>
    <property name="sun.management.compiler" value="HotSpot 64-Bit Tiered Compilers"/>
    <property name="os.version" value="10.0"/>
    <property name="user.home" value="C:\Users\Kristy"/>
    <property name="user.timezone" value="Pacific/Auckland"/>
    <property name="java.awt.printerjob" value="sun.awt.windows.WPrinterJob"/>
    <property name="java.specification.version" value="1.8"/>
    <property name="file.encoding" value="Cp1252"/>
    <property name="user.name" value="Kristy"/>
    <property name="java.class.path" value="/C:/Users/Kristy/eclipse/java-mars/eclipse/../../../.p2/pool/plugins/org.eclipse.m2e.maven.runtime_1.7.0.20160603-1931/jars/plexus-classworlds-2.5.2.jar"/>
    <property name="java.vm.specification.version" value="1.8"/>
    <property name="sun.arch.data.model" value="64"/>
    <property name="java.home" value="C:\Program Files\Java\jdk1.8.0_92\jre"/>
    <property name="sun.java.command" value="org.codehaus.plexus.classworlds.launcher.Launcher -B install"/>
    <property name="java.specification.vendor" value="Oracle Corporation"/>
    <property name="user.language" value="en"/>
    <property name="awt.toolkit" value="sun.awt.windows.WToolkit"/>
    <property name="java.vm.info" value="mixed mode"/>
    <property name="java.version" value="1.8.0_92"/>
    <property name="java.ext.dirs" value="C:\Program Files\Java\jdk1.8.0_92\jre\lib\ext;C:\WINDOWS\Sun\Java\lib\ext"/>
    <property name="sun.boot.class.path" value="C:\Program Files\Java\jdk1.8.0_92\jre\lib\resources.jar;C:\Program Files\Java\jdk1.8.0_92\jre\lib\rt.jar;C:\Program Files\Java\jdk1.8.0_92\jre\lib\sunrsasign.jar;C:\Program Files\Java\jdk1.8.0_92\jre\lib\jsse.jar;C:\Program Files\Java\jdk1.8.0_92\jre\lib\jce.jar;C:\Program Files\Java\jdk1.8.0_92\jre\lib\charsets.jar;C:\Program Files\Java\jdk1.8.0_92\jre\lib\jfr.jar;C:\Program Files\Java\jdk1.8.0_92\jre\classes"/>
    <property name="java.vendor" value="Oracle Corporation"/>
    <property name="maven.home" value="C:\Users\Kristy\Documents\Eclipse\325A1_WebService\EMBEDDED"/>
    <property name="file.separator" value="\"/>
    <property name="java.vendor.url.bug" value="http://bugreport.sun.com/bugreport/"/>
    <property name="sun.cpu.endian" value="little"/>
    <property name="sun.io.unicode.encoding" value="UnicodeLittle"/>
    <property name="sun.desktop" value="windows"/>
    <property name="sun.cpu.isalist" value="amd64"/>
  </properties>
  <testcase classname="nz.ac.auckland.tests.userDetail.UserTest" name="GetItemsWithinPriceTest" time="0.838">
    <error message="HTTP 405 Method Not Allowed" type="javax.ws.rs.NotAllowedException">javax.ws.rs.NotAllowedException: HTTP 405 Method Not Allowed
	at org.jboss.resteasy.client.jaxrs.internal.ClientInvocation.handleErrorStatus(ClientInvocation.java:203)
	at org.jboss.resteasy.client.jaxrs.internal.ClientInvocation.extractResult(ClientInvocation.java:174)
	at org.jboss.resteasy.client.jaxrs.internal.ClientInvocation.invoke(ClientInvocation.java:481)
	at org.jboss.resteasy.client.jaxrs.internal.ClientInvocationBuilder.get(ClientInvocationBuilder.java:171)
	at nz.ac.auckland.tests.userDetail.UserTest.GetItemsWithinPriceTest(UserTest.java:199)
	at sun.reflect.NativeMethodAccessorImpl.invoke0(Native Method)
	at sun.reflect.NativeMethodAccessorImpl.invoke(NativeMethodAccessorImpl.java:62)
	at sun.reflect.DelegatingMethodAccessorImpl.invoke(DelegatingMethodAccessorImpl.java:43)
	at java.lang.reflect.Method.invoke(Method.java:498)
	at org.junit.runners.model.FrameworkMethod$1.runReflectiveCall(FrameworkMethod.java:50)
	at org.junit.internal.runners.model.ReflectiveCallable.run(ReflectiveCallable.java:12)
	at org.junit.runners.model.FrameworkMethod.invokeExplosively(FrameworkMethod.java:47)
	at org.junit.internal.runners.statements.InvokeMethod.evaluate(InvokeMethod.java:17)
	at org.junit.runners.ParentRunner.runLeaf(ParentRunner.java:325)
	at org.junit.runners.BlockJUnit4ClassRunner.runChild(BlockJUnit4ClassRunner.java:78)
	at org.junit.runners.BlockJUnit4ClassRunner.runChild(BlockJUnit4ClassRunner.java:57)
	at org.junit.runners.ParentRunner$3.run(ParentRunner.java:290)
	at org.junit.runners.ParentRunner$1.schedule(ParentRunner.java:71)
	at org.junit.runners.ParentRunner.runChildren(ParentRunner.java:288)
	at org.junit.runners.ParentRunner.access$000(ParentRunner.java:58)
	at org.junit.runners.ParentRunner$2.evaluate(ParentRunner.java:268)
	at org.junit.runners.ParentRunner.run(ParentRunner.java:363)
	at org.apache.maven.surefire.junit4.JUnit4Provider.execute(JUnit4Provider.java:252)
	at org.apache.maven.surefire.junit4.JUnit4Provider.executeTestSet(JUnit4Provider.java:141)
	at org.apache.maven.surefire.junit4.JUnit4Provider.invoke(JUnit4Provider.java:112)
	at sun.reflect.NativeMethodAccessorImpl.invoke0(Native Method)
	at sun.reflect.NativeMethodAccessorImpl.invoke(NativeMethodAccessorImpl.java:62)
	at sun.reflect.DelegatingMethodAccessorImpl.invoke(DelegatingMethodAccessorImpl.java:43)
	at java.lang.reflect.Method.invoke(Method.java:498)
	at org.apache.maven.surefire.util.ReflectionUtils.invokeMethodWithArray(ReflectionUtils.java:189)
	at org.apache.maven.surefire.booter.ProviderFactory$ProviderProxy.invoke(ProviderFactory.java:165)
	at org.apache.maven.surefire.booter.ProviderFactory.invokeProvider(ProviderFactory.java:85)
	at org.apache.maven.surefire.booter.ForkedBooter.runSuitesInProcess(ForkedBooter.java:115)
	at org.apache.maven.surefire.booter.ForkedBooter.main(ForkedBooter.java:75)
</error>
    <system-out>2016-09-20 18:21:36,105 [main] DEBUG org.apache.http.impl.conn.BasicClientConnectionManager  - Get connection for route {}-&gt;http://localhost:10000
2016-09-20 18:21:36,116 [main] DEBUG org.apache.http.impl.conn.DefaultClientConnectionOperator  - Connecting to localhost:10000
2016-09-20 18:21:36,131 [main] DEBUG org.apache.http.client.protocol.RequestAddCookies  - CookieSpec selected: best-match
2016-09-20 18:21:36,140 [main] DEBUG org.apache.http.client.protocol.RequestAuthCache  - Auth cache not set in the context
2016-09-20 18:21:36,140 [main] DEBUG org.apache.http.client.protocol.RequestTargetAuthentication  - Target auth state: UNCHALLENGED
2016-09-20 18:21:36,140 [main] DEBUG org.apache.http.client.protocol.RequestProxyAuthentication  - Proxy auth state: UNCHALLENGED
2016-09-20 18:21:36,140 [main] DEBUG org.apache.http.impl.client.DefaultHttpClient  - Attempt 1 to execute request
2016-09-20 18:21:36,140 [main] DEBUG org.apache.http.impl.conn.DefaultClientConnection  - Sending request: POST /services/category HTTP/1.1
2016-09-20 18:21:36,141 [main] DEBUG org.apache.http.wire  -  &gt;&gt; &quot;POST /services/category HTTP/1.1[\r][\n]&quot;
2016-09-20 18:21:36,142 [main] DEBUG org.apache.http.wire  -  &gt;&gt; &quot;Accept-Encoding: gzip, deflate[\r][\n]&quot;
2016-09-20 18:21:36,142 [main] DEBUG org.apache.http.wire  -  &gt;&gt; &quot;Content-Type: application/xml[\r][\n]&quot;
2016-09-20 18:21:36,142 [main] DEBUG org.apache.http.wire  -  &gt;&gt; &quot;Content-Length: 120[\r][\n]&quot;
2016-09-20 18:21:36,142 [main] DEBUG org.apache.http.wire  -  &gt;&gt; &quot;Host: localhost:10000[\r][\n]&quot;
2016-09-20 18:21:36,142 [main] DEBUG org.apache.http.wire  -  &gt;&gt; &quot;Connection: Keep-Alive[\r][\n]&quot;
2016-09-20 18:21:36,142 [main] DEBUG org.apache.http.wire  -  &gt;&gt; &quot;[\r][\n]&quot;
2016-09-20 18:21:36,142 [main] DEBUG org.apache.http.headers  - &gt;&gt; POST /services/category HTTP/1.1
2016-09-20 18:21:36,142 [main] DEBUG org.apache.http.headers  - &gt;&gt; Accept-Encoding: gzip, deflate
2016-09-20 18:21:36,142 [main] DEBUG org.apache.http.headers  - &gt;&gt; Content-Type: application/xml
2016-09-20 18:21:36,142 [main] DEBUG org.apache.http.headers  - &gt;&gt; Content-Length: 120
2016-09-20 18:21:36,142 [main] DEBUG org.apache.http.headers  - &gt;&gt; Host: localhost:10000
2016-09-20 18:21:36,142 [main] DEBUG org.apache.http.headers  - &gt;&gt; Connection: Keep-Alive
2016-09-20 18:21:36,143 [main] DEBUG org.apache.http.wire  -  &gt;&gt; &quot;&lt;?xml version=&quot;1.0&quot; encoding=&quot;UTF-8&quot; standalone=&quot;yes&quot;?&gt;&lt;category id=&quot;0&quot;&gt;&lt;category-name&gt;Garden&lt;/category-name&gt;&lt;/category&gt;&quot;
2016-09-20 18:21:36,330 [main] DEBUG org.apache.http.wire  -  &lt;&lt; &quot;HTTP/1.1 201 Created[\r][\n]&quot;
2016-09-20 18:21:36,332 [main] DEBUG org.apache.http.wire  -  &lt;&lt; &quot;Location: http://localhost:10000/services/category/1[\r][\n]&quot;
2016-09-20 18:21:36,332 [main] DEBUG org.apache.http.wire  -  &lt;&lt; &quot;Content-Length: 0[\r][\n]&quot;
2016-09-20 18:21:36,332 [main] DEBUG org.apache.http.wire  -  &lt;&lt; &quot;Server: Jetty(9.0.6.v20130930)[\r][\n]&quot;
2016-09-20 18:21:36,332 [main] DEBUG org.apache.http.wire  -  &lt;&lt; &quot;[\r][\n]&quot;
2016-09-20 18:21:36,332 [main] DEBUG org.apache.http.impl.conn.DefaultClientConnection  - Receiving response: HTTP/1.1 201 Created
2016-09-20 18:21:36,333 [main] DEBUG org.apache.http.headers  - &lt;&lt; HTTP/1.1 201 Created
2016-09-20 18:21:36,333 [main] DEBUG org.apache.http.headers  - &lt;&lt; Location: http://localhost:10000/services/category/1
2016-09-20 18:21:36,333 [main] DEBUG org.apache.http.headers  - &lt;&lt; Content-Length: 0
2016-09-20 18:21:36,333 [main] DEBUG org.apache.http.headers  - &lt;&lt; Server: Jetty(9.0.6.v20130930)
2016-09-20 18:21:36,335 [main] DEBUG org.apache.http.impl.client.DefaultHttpClient  - Connection can be kept alive indefinitely
2016-09-20 18:21:36,343 [main] DEBUG org.apache.http.impl.conn.BasicClientConnectionManager  - Releasing connection org.apache.http.impl.conn.ManagedClientConnectionImpl@306cf3ea
2016-09-20 18:21:36,344 [main] DEBUG org.apache.http.impl.conn.BasicClientConnectionManager  - Connection can be kept alive indefinitely
2016-09-20 18:21:36,356 [main] DEBUG org.apache.http.impl.conn.BasicClientConnectionManager  - Get connection for route {}-&gt;http://localhost:10000
2016-09-20 18:21:36,356 [main] DEBUG org.apache.http.impl.client.DefaultHttpClient  - Stale connection check
2016-09-20 18:21:36,357 [main] DEBUG org.apache.http.client.protocol.RequestAddCookies  - CookieSpec selected: best-match
2016-09-20 18:21:36,357 [main] DEBUG org.apache.http.client.protocol.RequestAuthCache  - Auth cache not set in the context
2016-09-20 18:21:36,357 [main] DEBUG org.apache.http.client.protocol.RequestTargetAuthentication  - Target auth state: UNCHALLENGED
2016-09-20 18:21:36,357 [main] DEBUG org.apache.http.client.protocol.RequestProxyAuthentication  - Proxy auth state: UNCHALLENGED
2016-09-20 18:21:36,357 [main] DEBUG org.apache.http.impl.client.DefaultHttpClient  - Attempt 1 to execute request
2016-09-20 18:21:36,357 [main] DEBUG org.apache.http.impl.conn.DefaultClientConnection  - Sending request: POST /services/item HTTP/1.1
2016-09-20 18:21:36,357 [main] DEBUG org.apache.http.wire  -  &gt;&gt; &quot;POST /services/item HTTP/1.1[\r][\n]&quot;
2016-09-20 18:21:36,357 [main] DEBUG org.apache.http.wire  -  &gt;&gt; &quot;Accept-Encoding: gzip, deflate[\r][\n]&quot;
2016-09-20 18:21:36,357 [main] DEBUG org.apache.http.wire  -  &gt;&gt; &quot;Content-Type: application/xml[\r][\n]&quot;
2016-09-20 18:21:36,358 [main] DEBUG org.apache.http.wire  -  &gt;&gt; &quot;Content-Length: 122[\r][\n]&quot;
2016-09-20 18:21:36,358 [main] DEBUG org.apache.http.wire  -  &gt;&gt; &quot;Host: localhost:10000[\r][\n]&quot;
2016-09-20 18:21:36,358 [main] DEBUG org.apache.http.wire  -  &gt;&gt; &quot;Connection: Keep-Alive[\r][\n]&quot;
2016-09-20 18:21:36,358 [main] DEBUG org.apache.http.wire  -  &gt;&gt; &quot;[\r][\n]&quot;
2016-09-20 18:21:36,358 [main] DEBUG org.apache.http.headers  - &gt;&gt; POST /services/item HTTP/1.1
2016-09-20 18:21:36,358 [main] DEBUG org.apache.http.headers  - &gt;&gt; Accept-Encoding: gzip, deflate
2016-09-20 18:21:36,358 [main] DEBUG org.apache.http.headers  - &gt;&gt; Content-Type: application/xml
2016-09-20 18:21:36,358 [main] DEBUG org.apache.http.headers  - &gt;&gt; Content-Length: 122
2016-09-20 18:21:36,358 [main] DEBUG org.apache.http.headers  - &gt;&gt; Host: localhost:10000
2016-09-20 18:21:36,358 [main] DEBUG org.apache.http.headers  - &gt;&gt; Connection: Keep-Alive
2016-09-20 18:21:36,358 [main] DEBUG org.apache.http.wire  -  &gt;&gt; &quot;&lt;?xml version=&quot;1.0&quot; encoding=&quot;UTF-8&quot; standalone=&quot;yes&quot;?&gt;&lt;item id=&quot;0&quot;&gt;&lt;item_name&gt;spade&lt;/item_name&gt;&lt;price&gt;30.0&lt;/price&gt;&lt;/item&gt;&quot;
2016-09-20 18:21:36,387 [main] DEBUG org.apache.http.wire  -  &lt;&lt; &quot;HTTP/1.1 201 Created[\r][\n]&quot;
2016-09-20 18:21:36,387 [main] DEBUG org.apache.http.wire  -  &lt;&lt; &quot;Location: http://localhost:10000/services/item/1[\r][\n]&quot;
2016-09-20 18:21:36,387 [main] DEBUG org.apache.http.wire  -  &lt;&lt; &quot;Content-Length: 0[\r][\n]&quot;
2016-09-20 18:21:36,387 [main] DEBUG org.apache.http.wire  -  &lt;&lt; &quot;Server: Jetty(9.0.6.v20130930)[\r][\n]&quot;
2016-09-20 18:21:36,387 [main] DEBUG org.apache.http.wire  -  &lt;&lt; &quot;[\r][\n]&quot;
2016-09-20 18:21:36,387 [main] DEBUG org.apache.http.impl.conn.DefaultClientConnection  - Receiving response: HTTP/1.1 201 Created
2016-09-20 18:21:36,387 [main] DEBUG org.apache.http.headers  - &lt;&lt; HTTP/1.1 201 Created
2016-09-20 18:21:36,387 [main] DEBUG org.apache.http.headers  - &lt;&lt; Location: http://localhost:10000/services/item/1
2016-09-20 18:21:36,387 [main] DEBUG org.apache.http.headers  - &lt;&lt; Content-Length: 0
2016-09-20 18:21:36,387 [main] DEBUG org.apache.http.headers  - &lt;&lt; Server: Jetty(9.0.6.v20130930)
2016-09-20 18:21:36,388 [main] DEBUG org.apache.http.impl.client.DefaultHttpClient  - Connection can be kept alive indefinitely
2016-09-20 18:21:36,388 [main] DEBUG org.apache.http.impl.conn.BasicClientConnectionManager  - Releasing connection org.apache.http.impl.conn.ManagedClientConnectionImpl@74455848
2016-09-20 18:21:36,388 [main] DEBUG org.apache.http.impl.conn.BasicClientConnectionManager  - Connection can be kept alive indefinitely
2016-09-20 18:21:36,388 [main] DEBUG org.apache.http.impl.conn.BasicClientConnectionManager  - Get connection for route {}-&gt;http://localhost:10000
2016-09-20 18:21:36,389 [main] DEBUG org.apache.http.impl.client.DefaultHttpClient  - Stale connection check
2016-09-20 18:21:36,390 [main] DEBUG org.apache.http.client.protocol.RequestAddCookies  - CookieSpec selected: best-match
2016-09-20 18:21:36,390 [main] DEBUG org.apache.http.client.protocol.RequestAuthCache  - Auth cache not set in the context
2016-09-20 18:21:36,390 [main] DEBUG org.apache.http.client.protocol.RequestTargetAuthentication  - Target auth state: UNCHALLENGED
2016-09-20 18:21:36,390 [main] DEBUG org.apache.http.client.protocol.RequestProxyAuthentication  - Proxy auth state: UNCHALLENGED
2016-09-20 18:21:36,390 [main] DEBUG org.apache.http.impl.client.DefaultHttpClient  - Attempt 1 to execute request
2016-09-20 18:21:36,390 [main] DEBUG org.apache.http.impl.conn.DefaultClientConnection  - Sending request: POST /services/item HTTP/1.1
2016-09-20 18:21:36,390 [main] DEBUG org.apache.http.wire  -  &gt;&gt; &quot;POST /services/item HTTP/1.1[\r][\n]&quot;
2016-09-20 18:21:36,390 [main] DEBUG org.apache.http.wire  -  &gt;&gt; &quot;Accept-Encoding: gzip, deflate[\r][\n]&quot;
2016-09-20 18:21:36,390 [main] DEBUG org.apache.http.wire  -  &gt;&gt; &quot;Content-Type: application/xml[\r][\n]&quot;
2016-09-20 18:21:36,390 [main] DEBUG org.apache.http.wire  -  &gt;&gt; &quot;Content-Length: 123[\r][\n]&quot;
2016-09-20 18:21:36,390 [main] DEBUG org.apache.http.wire  -  &gt;&gt; &quot;Host: localhost:10000[\r][\n]&quot;
2016-09-20 18:21:36,390 [main] DEBUG org.apache.http.wire  -  &gt;&gt; &quot;Connection: Keep-Alive[\r][\n]&quot;
2016-09-20 18:21:36,390 [main] DEBUG org.apache.http.wire  -  &gt;&gt; &quot;[\r][\n]&quot;
2016-09-20 18:21:36,390 [main] DEBUG org.apache.http.headers  - &gt;&gt; POST /services/item HTTP/1.1
2016-09-20 18:21:36,390 [main] DEBUG org.apache.http.headers  - &gt;&gt; Accept-Encoding: gzip, deflate
2016-09-20 18:21:36,391 [main] DEBUG org.apache.http.headers  - &gt;&gt; Content-Type: application/xml
2016-09-20 18:21:36,391 [main] DEBUG org.apache.http.headers  - &gt;&gt; Content-Length: 123
2016-09-20 18:21:36,391 [main] DEBUG org.apache.http.headers  - &gt;&gt; Host: localhost:10000
2016-09-20 18:21:36,391 [main] DEBUG org.apache.http.headers  - &gt;&gt; Connection: Keep-Alive
2016-09-20 18:21:36,391 [main] DEBUG org.apache.http.wire  -  &gt;&gt; &quot;&lt;?xml version=&quot;1.0&quot; encoding=&quot;UTF-8&quot; standalone=&quot;yes&quot;?&gt;&lt;item id=&quot;0&quot;&gt;&lt;item_name&gt;shovel&lt;/item_name&gt;&lt;price&gt;35.0&lt;/price&gt;&lt;/item&gt;&quot;
2016-09-20 18:21:36,396 [main] DEBUG org.apache.http.wire  -  &lt;&lt; &quot;HTTP/1.1 201 Created[\r][\n]&quot;
2016-09-20 18:21:36,396 [main] DEBUG org.apache.http.wire  -  &lt;&lt; &quot;Location: http://localhost:10000/services/item/2[\r][\n]&quot;
2016-09-20 18:21:36,396 [main] DEBUG org.apache.http.wire  -  &lt;&lt; &quot;Content-Length: 0[\r][\n]&quot;
2016-09-20 18:21:36,397 [main] DEBUG org.apache.http.wire  -  &lt;&lt; &quot;Server: Jetty(9.0.6.v20130930)[\r][\n]&quot;
2016-09-20 18:21:36,397 [main] DEBUG org.apache.http.wire  -  &lt;&lt; &quot;[\r][\n]&quot;
2016-09-20 18:21:36,397 [main] DEBUG org.apache.http.impl.conn.DefaultClientConnection  - Receiving response: HTTP/1.1 201 Created
2016-09-20 18:21:36,397 [main] DEBUG org.apache.http.headers  - &lt;&lt; HTTP/1.1 201 Created
2016-09-20 18:21:36,397 [main] DEBUG org.apache.http.headers  - &lt;&lt; Location: http://localhost:10000/services/item/2
2016-09-20 18:21:36,397 [main] DEBUG org.apache.http.headers  - &lt;&lt; Content-Length: 0
2016-09-20 18:21:36,397 [main] DEBUG org.apache.http.headers  - &lt;&lt; Server: Jetty(9.0.6.v20130930)
2016-09-20 18:21:36,397 [main] DEBUG org.apache.http.impl.client.DefaultHttpClient  - Connection can be kept alive indefinitely
2016-09-20 18:21:36,397 [main] DEBUG org.apache.http.impl.conn.BasicClientConnectionManager  - Releasing connection org.apache.http.impl.conn.ManagedClientConnectionImpl@3738449f
2016-09-20 18:21:36,397 [main] DEBUG org.apache.http.impl.conn.BasicClientConnectionManager  - Connection can be kept alive indefinitely
2016-09-20 18:21:36,398 [main] DEBUG org.apache.http.impl.conn.BasicClientConnectionManager  - Get connection for route {}-&gt;http://localhost:10000
2016-09-20 18:21:36,398 [main] DEBUG org.apache.http.impl.client.DefaultHttpClient  - Stale connection check
2016-09-20 18:21:36,399 [main] DEBUG org.apache.http.client.protocol.RequestAddCookies  - CookieSpec selected: best-match
2016-09-20 18:21:36,399 [main] DEBUG org.apache.http.client.protocol.RequestAuthCache  - Auth cache not set in the context
2016-09-20 18:21:36,399 [main] DEBUG org.apache.http.client.protocol.RequestTargetAuthentication  - Target auth state: UNCHALLENGED
2016-09-20 18:21:36,399 [main] DEBUG org.apache.http.client.protocol.RequestProxyAuthentication  - Proxy auth state: UNCHALLENGED
2016-09-20 18:21:36,399 [main] DEBUG org.apache.http.impl.client.DefaultHttpClient  - Attempt 1 to execute request
2016-09-20 18:21:36,399 [main] DEBUG org.apache.http.impl.conn.DefaultClientConnection  - Sending request: POST /services/item HTTP/1.1
2016-09-20 18:21:36,399 [main] DEBUG org.apache.http.wire  -  &gt;&gt; &quot;POST /services/item HTTP/1.1[\r][\n]&quot;
2016-09-20 18:21:36,399 [main] DEBUG org.apache.http.wire  -  &gt;&gt; &quot;Accept-Encoding: gzip, deflate[\r][\n]&quot;
2016-09-20 18:21:36,399 [main] DEBUG org.apache.http.wire  -  &gt;&gt; &quot;Content-Type: application/xml[\r][\n]&quot;
2016-09-20 18:21:36,399 [main] DEBUG org.apache.http.wire  -  &gt;&gt; &quot;Content-Length: 125[\r][\n]&quot;
2016-09-20 18:21:36,399 [main] DEBUG org.apache.http.wire  -  &gt;&gt; &quot;Host: localhost:10000[\r][\n]&quot;
2016-09-20 18:21:36,400 [main] DEBUG org.apache.http.wire  -  &gt;&gt; &quot;Connection: Keep-Alive[\r][\n]&quot;
2016-09-20 18:21:36,401 [main] DEBUG org.apache.http.wire  -  &gt;&gt; &quot;[\r][\n]&quot;
2016-09-20 18:21:36,401 [main] DEBUG org.apache.http.headers  - &gt;&gt; POST /services/item HTTP/1.1
2016-09-20 18:21:36,401 [main] DEBUG org.apache.http.headers  - &gt;&gt; Accept-Encoding: gzip, deflate
2016-09-20 18:21:36,401 [main] DEBUG org.apache.http.headers  - &gt;&gt; Content-Type: application/xml
2016-09-20 18:21:36,401 [main] DEBUG org.apache.http.headers  - &gt;&gt; Content-Length: 125
2016-09-20 18:21:36,401 [main] DEBUG org.apache.http.headers  - &gt;&gt; Host: localhost:10000
2016-09-20 18:21:36,401 [main] DEBUG org.apache.http.headers  - &gt;&gt; Connection: Keep-Alive
2016-09-20 18:21:36,401 [main] DEBUG org.apache.http.wire  -  &gt;&gt; &quot;&lt;?xml version=&quot;1.0&quot; encoding=&quot;UTF-8&quot; standalone=&quot;yes&quot;?&gt;&lt;item id=&quot;0&quot;&gt;&lt;item_name&gt;tractor&lt;/item_name&gt;&lt;price&gt;130.0&lt;/price&gt;&lt;/item&gt;&quot;
2016-09-20 18:21:36,407 [main] DEBUG org.apache.http.wire  -  &lt;&lt; &quot;HTTP/1.1 201 Created[\r][\n]&quot;
2016-09-20 18:21:36,408 [main] DEBUG org.apache.http.wire  -  &lt;&lt; &quot;Location: http://localhost:10000/services/item/3[\r][\n]&quot;
2016-09-20 18:21:36,408 [main] DEBUG org.apache.http.wire  -  &lt;&lt; &quot;Content-Length: 0[\r][\n]&quot;
2016-09-20 18:21:36,408 [main] DEBUG org.apache.http.wire  -  &lt;&lt; &quot;Server: Jetty(9.0.6.v20130930)[\r][\n]&quot;
2016-09-20 18:21:36,408 [main] DEBUG org.apache.http.wire  -  &lt;&lt; &quot;[\r][\n]&quot;
2016-09-20 18:21:36,408 [main] DEBUG org.apache.http.impl.conn.DefaultClientConnection  - Receiving response: HTTP/1.1 201 Created
2016-09-20 18:21:36,408 [main] DEBUG org.apache.http.headers  - &lt;&lt; HTTP/1.1 201 Created
2016-09-20 18:21:36,408 [main] DEBUG org.apache.http.headers  - &lt;&lt; Location: http://localhost:10000/services/item/3
2016-09-20 18:21:36,408 [main] DEBUG org.apache.http.headers  - &lt;&lt; Content-Length: 0
2016-09-20 18:21:36,408 [main] DEBUG org.apache.http.headers  - &lt;&lt; Server: Jetty(9.0.6.v20130930)
2016-09-20 18:21:36,408 [main] DEBUG org.apache.http.impl.client.DefaultHttpClient  - Connection can be kept alive indefinitely
2016-09-20 18:21:36,408 [main] DEBUG org.apache.http.impl.conn.BasicClientConnectionManager  - Releasing connection org.apache.http.impl.conn.ManagedClientConnectionImpl@c333c60
2016-09-20 18:21:36,408 [main] DEBUG org.apache.http.impl.conn.BasicClientConnectionManager  - Connection can be kept alive indefinitely
2016-09-20 18:21:36,409 [main] DEBUG org.apache.http.impl.conn.BasicClientConnectionManager  - Get connection for route {}-&gt;http://localhost:10000
2016-09-20 18:21:36,409 [main] DEBUG org.apache.http.impl.client.DefaultHttpClient  - Stale connection check
2016-09-20 18:21:36,412 [main] DEBUG org.apache.http.client.protocol.RequestAddCookies  - CookieSpec selected: best-match
2016-09-20 18:21:36,412 [main] DEBUG org.apache.http.client.protocol.RequestAuthCache  - Auth cache not set in the context
2016-09-20 18:21:36,412 [main] DEBUG org.apache.http.client.protocol.RequestTargetAuthentication  - Target auth state: UNCHALLENGED
2016-09-20 18:21:36,412 [main] DEBUG org.apache.http.client.protocol.RequestProxyAuthentication  - Proxy auth state: UNCHALLENGED
2016-09-20 18:21:36,412 [main] DEBUG org.apache.http.impl.client.DefaultHttpClient  - Attempt 1 to execute request
2016-09-20 18:21:36,412 [main] DEBUG org.apache.http.impl.conn.DefaultClientConnection  - Sending request: GET /services/item?from=29&amp;to=50 HTTP/1.1
2016-09-20 18:21:36,412 [main] DEBUG org.apache.http.wire  -  &gt;&gt; &quot;GET /services/item?from=29&amp;to=50 HTTP/1.1[\r][\n]&quot;
2016-09-20 18:21:36,412 [main] DEBUG org.apache.http.wire  -  &gt;&gt; &quot;Accept: application/xml[\r][\n]&quot;
2016-09-20 18:21:36,412 [main] DEBUG org.apache.http.wire  -  &gt;&gt; &quot;Accept-Encoding: gzip, deflate[\r][\n]&quot;
2016-09-20 18:21:36,412 [main] DEBUG org.apache.http.wire  -  &gt;&gt; &quot;Host: localhost:10000[\r][\n]&quot;
2016-09-20 18:21:36,412 [main] DEBUG org.apache.http.wire  -  &gt;&gt; &quot;Connection: Keep-Alive[\r][\n]&quot;
2016-09-20 18:21:36,412 [main] DEBUG org.apache.http.wire  -  &gt;&gt; &quot;[\r][\n]&quot;
2016-09-20 18:21:36,413 [main] DEBUG org.apache.http.headers  - &gt;&gt; GET /services/item?from=29&amp;to=50 HTTP/1.1
2016-09-20 18:21:36,413 [main] DEBUG org.apache.http.headers  - &gt;&gt; Accept: application/xml
2016-09-20 18:21:36,413 [main] DEBUG org.apache.http.headers  - &gt;&gt; Accept-Encoding: gzip, deflate
2016-09-20 18:21:36,413 [main] DEBUG org.apache.http.headers  - &gt;&gt; Host: localhost:10000
2016-09-20 18:21:36,413 [main] DEBUG org.apache.http.headers  - &gt;&gt; Connection: Keep-Alive
2016-09-20 18:21:36,420 [main] DEBUG org.apache.http.wire  -  &lt;&lt; &quot;HTTP/1.1 405 Method Not Allowed[\r][\n]&quot;
2016-09-20 18:21:36,420 [main] DEBUG org.apache.http.wire  -  &lt;&lt; &quot;Allow: POST, OPTIONS[\r][\n]&quot;
2016-09-20 18:21:36,420 [main] DEBUG org.apache.http.wire  -  &lt;&lt; &quot;Content-Length: 0[\r][\n]&quot;
2016-09-20 18:21:36,420 [main] DEBUG org.apache.http.wire  -  &lt;&lt; &quot;Server: Jetty(9.0.6.v20130930)[\r][\n]&quot;
2016-09-20 18:21:36,420 [main] DEBUG org.apache.http.wire  -  &lt;&lt; &quot;[\r][\n]&quot;
2016-09-20 18:21:36,420 [main] DEBUG org.apache.http.impl.conn.DefaultClientConnection  - Receiving response: HTTP/1.1 405 Method Not Allowed
2016-09-20 18:21:36,420 [main] DEBUG org.apache.http.headers  - &lt;&lt; HTTP/1.1 405 Method Not Allowed
2016-09-20 18:21:36,420 [main] DEBUG org.apache.http.headers  - &lt;&lt; Allow: POST, OPTIONS
2016-09-20 18:21:36,420 [main] DEBUG org.apache.http.headers  - &lt;&lt; Content-Length: 0
2016-09-20 18:21:36,420 [main] DEBUG org.apache.http.headers  - &lt;&lt; Server: Jetty(9.0.6.v20130930)
2016-09-20 18:21:36,420 [main] DEBUG org.apache.http.impl.client.DefaultHttpClient  - Connection can be kept alive indefinitely
2016-09-20 18:21:36,422 [main] DEBUG org.apache.http.impl.conn.BasicClientConnectionManager  - Releasing connection org.apache.http.impl.conn.ManagedClientConnectionImpl@2bfc268b
2016-09-20 18:21:36,422 [main] DEBUG org.apache.http.impl.conn.BasicClientConnectionManager  - Connection can be kept alive indefinitely
</system-out>
  </testcase>
</testsuite>